[2025-08-19 07:51:22] downloading docs/releases/sage3d_plugin_v0.1.0.zip
[2025-08-19 07:51:22] install crash: unknown url type: 'docs/releases/sage3d_plugin_v0.1.0.zip'
[2025-08-19 08:04:13] downloading docs/releases/passwordgen_plugin_v0.1.0.zip
[2025-08-19 08:04:13] install crash: unknown url type: 'docs/releases/passwordgen_plugin_v0.1.0.zip'
[2025-08-19 08:04:54] enabled: passwordgen
[2025-08-19 08:05:17] enabled: passwordgen
[2025-08-19 08:06:37] downloading docs/releases/passwordgen_plugin_v0.1.0.zip
[2025-08-19 08:06:37] install crash: unknown url type: 'docs/releases/passwordgen_plugin_v0.1.0.zip'
[2025-08-19 08:06:39] enabled: passwordgen
[2025-08-19 08:06:44] downloading docs/releases/sage3d_plugin_v0.1.0.zip
[2025-08-19 08:06:44] update_all crash for sage3d: unknown url type: 'docs/releases/sage3d_plugin_v0.1.0.zip'
[2025-08-19 08:06:44] downloading docs/releases/sage2d_plugin_v0.1.0.zip
[2025-08-19 08:06:44] update_all crash for sage2d: unknown url type: 'docs/releases/sage2d_plugin_v0.1.0.zip'
[2025-08-19 08:06:44] downloading docs/releases/sageui_plugin_v0.1.0.zip
[2025-08-19 08:06:44] update_all crash for sageui: unknown url type: 'docs/releases/sageui_plugin_v0.1.0.zip'
[2025-08-19 08:06:44] downloading docs/releases/sageinput_plugin_v0.1.0.zip
[2025-08-19 08:06:44] update_all crash for sageinput: unknown url type: 'docs/releases/sageinput_plugin_v0.1.0.zip'
[2025-08-19 08:06:44] downloading docs/releases/sagescripts_plugin_v0.1.0.zip
[2025-08-19 08:06:44] update_all crash for sagescripts: unknown url type: 'docs/releases/sagescripts_plugin_v0.1.0.zip'
[2025-08-19 08:06:47] downloading docs/releases/passwordgen_plugin_v0.1.0.zip
[2025-08-19 08:06:47] install crash: unknown url type: 'docs/releases/passwordgen_plugin_v0.1.0.zip'
[2025-08-19 08:06:48] enabled: passwordgen
